=== exp20: issue #63 -- non-inclusion test, Route A numerics ===
target alpha=1.5 parity=+1 eta=0.8 sigma_add=0.1; boundary eta'-crit = eta - sigma = 0.70

--- 1-mode scan (n_max=30, GH 80^2) ---
  eta'    trace     min_eig     lam3       regime
  0.10   +0.91087  -4.40e+02  1.41e+02   III (v<0)
  0.12   +0.97085  -2.27e+02  5.94e+01   III (v<0)
  0.14   +0.99104  -1.26e+02  2.74e+01   III (v<0)
  0.16   +0.99732  -7.36e+01  1.36e+01   III (v<0)
  0.18   +0.99920  -4.54e+01  7.29e+00   III (v<0)
  0.20   +0.99976  -2.93e+01  4.15e+00   III (v<0)
  0.22   +0.99993  -1.96e+01  2.49e+00   III (v<0)
  0.24   +0.99998  -1.36e+01  1.58e+00   III (v<0)
  0.26   +0.99999  -9.68e+00  1.05e+00   III (v<0)
  0.28   +1.00000  -7.07e+00  7.29e-01   III (v<0)
  0.30   +1.00000  -5.27e+00  5.26e-01   III (v<0)
  0.32   +1.00000  -4.00e+00  3.95e-01   III (v<0)
  0.34   +1.00000  -3.07e+00  3.06e-01   III (v<0)
  0.36   +1.00000  -2.39e+00  2.44e-01   III (v<0)
  0.38   +1.00000  -1.88e+00  2.00e-01   III (v<0)
  0.40   +1.00000  -1.49e+00  1.67e-01   III (v<0)
  0.42   +1.00000  -1.18e+00  1.43e-01   III (v<0)
  0.44   +1.00000  -9.44e-01  1.24e-01   III (v<0)
  0.46   +1.00000  -7.53e-01  1.09e-01   III (v<0)
  0.48   +1.00000  -5.99e-01  9.77e-02   III (v<0)
  0.50   +1.00000  -4.74e-01  8.83e-02   III (v<0)
  0.52   +1.00000  -3.71e-01  8.07e-02   III (v<0)
  0.54   +1.00000  -2.88e-01  7.44e-02   III (v<0)
  0.56   +1.00000  -2.19e-01  6.92e-02   III (v<0)
  0.58   +1.00000  -1.63e-01  6.49e-02   III (v<0)
  0.60   +1.00000  -1.17e-01  6.13e-02   III (v<0)
  0.61   +1.00000  -9.75e-02  5.98e-02   III (v<0)
  0.62   +1.00000  -8.02e-02  5.83e-02   III (v<0)
  0.63   +1.00000  -6.47e-02  5.70e-02   III (v<0)
  0.64   +1.00000  -5.10e-02  5.58e-02   III (v<0)
  0.65   +1.00000  -3.89e-02  5.47e-02   III (v<0)
  0.66   +1.00000  -2.83e-02  5.36e-02   III (v<0)
  0.67   +1.00000  -1.92e-02  5.27e-02   III (v<0)
  0.68   +1.00000  -1.14e-02  5.18e-02   III (v<0)
  0.69   +1.00000  -4.89e-03  5.10e-02   III (v<0)
  0.70   +1.00000  -4.68e-16  5.03e-02   boundary
  0.71   +1.00000  +3.17e-16  4.96e-02   II
  0.72   +1.00000  -1.34e-16  4.90e-02   II
  0.74   +1.00000  +6.06e-18  4.79e-02   II
  0.76   +1.00000  +1.48e-16  4.70e-02   II
  0.78   +1.00000  +3.06e-16  4.62e-02   II
  0.80   +1.00000  +1.51e-16  4.55e-02   II
  0.82   +1.00000  -2.28e-16  4.48e-02   I
  0.84   +1.00000  -5.06e-16  4.43e-02   I
  0.86   +1.00000  -6.41e-16  4.38e-02   I
  0.88   +1.00000  -3.09e-16  4.34e-02   I
  0.90   +1.00000  +1.28e-17  4.30e-02   I
  0.92   +1.00000  -1.84e-16  4.26e-02   I
  0.94   +1.00000  +1.35e-16  4.23e-02   I
  0.96   +1.00000  +2.71e-16  4.20e-02   I
  0.98   +1.00000  -4.98e-16  4.17e-02   I
  1.00   +1.00000  -3.03e-16  4.14e-02   I

--- n_max=40 stability spot checks ---
  eta'=0.10: min_eig -4.397e+02 (n30: -4.397e+02), trace +0.99033
  eta'=0.20: min_eig -2.928e+01 (n30: -2.928e+01), trace +1.00000
  eta'=0.40: min_eig -1.489e+00 (n30: -1.489e+00), trace +1.00000
  eta'=0.69: min_eig -4.892e-03 (n30: -4.892e-03), trace +1.00000

--- 3-mode confirmation scan (n_max=12/mode) ---
  eta'    trace     min_eig     lam3       regime
  0.40   +0.95318  -2.30e+01  4.62e+00   III (v<0)
  0.45   +0.97661  -6.07e+00  1.14e+00   III (v<0)
  0.50   +0.98805  -1.86e+00  3.56e-01   III (v<0)
  0.55   +0.99374  -5.99e-01  1.44e-01   III (v<0)
  0.60   +0.99664  -1.74e-01  9.31e-02   III (v<0)
  0.65   +0.99815  -3.43e-02  7.11e-02   III (v<0)
  0.70   +0.99895  -1.63e-16  5.60e-02   II
  0.75   +0.99940  -1.33e-19  4.75e-02   II
  0.80   +0.99964  -2.91e-20  4.26e-02   II
  0.85   +0.99978  -2.69e-20  3.96e-02   I
  0.90   +0.99987  -1.07e-20  3.74e-02   I
  0.95   +0.99992  -2.18e-20  3.58e-02   I
  1.00   +0.99995  -1.97e-20  3.45e-02   I

=== Route A ruling ===
  regime III (eta' < 0.70): PSD fails at every grid point (1-mode): True; worst min_eig -4.397e+02
  regime III 3-mode confirmation: True
  regime I/II PSD points: smallest 3rd eigenvalue 4.142e-02 (rank-2 would need ~0; full-rank tail as Lemma 2 predicts)
-> NO eta' in (0, 1] admits a PSD finite-rank pre-image on the scanned grid: regime I/II excluded analytically (derivation.md Lemmas 1-2), regime III excluded by this scan. Pending Route B corroboration (issue #63 decision rule, case-2 branch).

raw results -> C:\dev\wigner-splat-exp20\experiments\20_noninclusion\results.json
